<?xml version="1.0" encoding="UTF-8"?>
<!-- Generated by org.testng.reporters.JUnitReportReporter -->
<testsuite hostname="DESKTOP-F0931AC" failures="0" tests="2" name="testScripts.TestScript" time="0.015" errors="0" timestamp="2022-09-20T01:25:20 IST" skipped="0">
  <testcase classname="testScripts.TestScript" name="verifyWicketKeepersCount" time="0.003"/>
  <system-out/>
  <testcase classname="testScripts.TestScript" name="verifyForeignPlayersCount" time="0.012"/>
  <system-out/>
</testsuite> <!-- testScripts.TestScript -->
